0 info it worked if it ends with ok
1 verbose cli [ 'C:\\Program Files\\nodejs\\node.exe',
1 verbose cli   'C:\\Program Files\\nodejs\\node_modules\\npm\\bin\\npm-cli.js',
1 verbose cli   'install',
1 verbose cli   '-g',
1 verbose cli   'typescript' ]
2 info using npm@3.10.3
3 info using node@v6.3.0
4 silly loadCurrentTree Starting
5 silly install loadCurrentTree
6 silly install readGlobalPackageData
7 silly fetchPackageMetaData typescript
8 silly fetchNamedPackageData typescript
9 silly mapToRegistry name typescript
10 silly mapToRegistry using default registry
11 silly mapToRegistry registry https://registry.npmjs.org/
12 silly mapToRegistry data Result {
12 silly mapToRegistry   raw: 'typescript',
12 silly mapToRegistry   scope: null,
12 silly mapToRegistry   escapedName: 'typescript',
12 silly mapToRegistry   name: 'typescript',
12 silly mapToRegistry   rawSpec: '',
12 silly mapToRegistry   spec: 'latest',
12 silly mapToRegistry   type: 'tag' }
13 silly mapToRegistry uri https://registry.npmjs.org/typescript
14 verbose request uri https://registry.npmjs.org/typescript
15 verbose request no auth needed
16 info attempt registry request try #1 at 9:55:45 AM
17 verbose request id e900d1de26775493
18 verbose etag W/"58f70026-1769b1"
19 verbose lastModified Wed, 19 Apr 2017 06:13:58 GMT
20 http request GET https://registry.npmjs.org/typescript
21 http 200 https://registry.npmjs.org/typescript
22 verbose headers { server: 'nginx/1.10.1',
22 verbose headers   'content-type': 'application/json',
22 verbose headers   'last-modified': 'Tue, 01 Aug 2017 10:27:24 GMT',
22 verbose headers   etag: 'W/"5980578c-1b448e"',
22 verbose headers   'content-encoding': 'gzip',
22 verbose headers   'cache-control': 'max-age=300',
22 verbose headers   'content-length': '86792',
22 verbose headers   'accept-ranges': 'bytes',
22 verbose headers   date: 'Tue, 01 Aug 2017 13:55:51 GMT',
22 verbose headers   via: '1.1 varnish',
22 verbose headers   age: '280',
22 verbose headers   connection: 'keep-alive',
22 verbose headers   'x-served-by': 'cache-dca17742-DCA',
22 verbose headers   'x-cache': 'HIT',
22 verbose headers   'x-cache-hits': '1',
22 verbose headers   'x-timer': 'S1501595751.055444,VS0,VE1',
22 verbose headers   vary: 'Accept-Encoding, Accept' }
23 silly get cb [ 200,
23 silly get   { server: 'nginx/1.10.1',
23 silly get     'content-type': 'application/json',
23 silly get     'last-modified': 'Tue, 01 Aug 2017 10:27:24 GMT',
23 silly get     etag: 'W/"5980578c-1b448e"',
23 silly get     'content-encoding': 'gzip',
23 silly get     'cache-control': 'max-age=300',
23 silly get     'content-length': '86792',
23 silly get     'accept-ranges': 'bytes',
23 silly get     date: 'Tue, 01 Aug 2017 13:55:51 GMT',
23 silly get     via: '1.1 varnish',
23 silly get     age: '280',
23 silly get     connection: 'keep-alive',
23 silly get     'x-served-by': 'cache-dca17742-DCA',
23 silly get     'x-cache': 'HIT',
23 silly get     'x-cache-hits': '1',
23 silly get     'x-timer': 'S1501595751.055444,VS0,VE1',
23 silly get     vary: 'Accept-Encoding, Accept' } ]
24 verbose get saving typescript to C:\Users\Charles\AppData\Roaming\npm-cache\registry.npmjs.org\typescript\.cache.json
25 verbose correctMkdir C:\Users\Charles\AppData\Roaming\npm-cache correctMkdir not in flight; initializing
26 silly install normalizeTree
27 silly loadCurrentTree Finishing
28 silly loadIdealTree Starting
29 silly install loadIdealTree
30 silly cloneCurrentTree Starting
31 silly install cloneCurrentTreeToIdealTree
32 silly cloneCurrentTree Finishing
33 silly loadShrinkwrap Starting
34 silly install loadShrinkwrap
35 silly loadShrinkwrap Finishing
36 silly loadAllDepsIntoIdealTree Starting
37 silly install loadAllDepsIntoIdealTree
38 silly resolveWithNewModule typescript@2.4.2 checking installable status
39 silly cache add args [ 'typescript', null ]
40 verbose cache add spec typescript
41 silly cache add parsed spec Result {
41 silly cache add   raw: 'typescript',
41 silly cache add   scope: null,
41 silly cache add   escapedName: 'typescript',
41 silly cache add   name: 'typescript',
41 silly cache add   rawSpec: '',
41 silly cache add   spec: 'latest',
41 silly cache add   type: 'tag' }
42 silly addNamed typescript@latest
43 verbose addNamed "latest" is being treated as a dist-tag for typescript
44 info addNameTag [ 'typescript', 'latest' ]
45 silly mapToRegistry name typescript
46 silly mapToRegistry using default registry
47 silly mapToRegistry registry https://registry.npmjs.org/
48 silly mapToRegistry data Result {
48 silly mapToRegistry   raw: 'typescript',
48 silly mapToRegistry   scope: null,
48 silly mapToRegistry   escapedName: 'typescript',
48 silly mapToRegistry   name: 'typescript',
48 silly mapToRegistry   rawSpec: '',
48 silly mapToRegistry   spec: 'latest',
48 silly mapToRegistry   type: 'tag' }
49 silly mapToRegistry uri https://registry.npmjs.org/typescript
50 verbose addNameTag registry:https://registry.npmjs.org/typescript not in flight; fetching
51 verbose get https://registry.npmjs.org/typescript not expired, no request
52 silly addNameTag next cb for typescript with tag latest
53 silly addNamed typescript@2.4.2
54 verbose addNamed "2.4.2" is a plain semver version for typescript
55 silly mapToRegistry name typescript
56 silly mapToRegistry using default registry
57 silly mapToRegistry registry https://registry.npmjs.org/
58 silly mapToRegistry data Result {
58 silly mapToRegistry   raw: 'typescript',
58 silly mapToRegistry   scope: null,
58 silly mapToRegistry   escapedName: 'typescript',
58 silly mapToRegistry   name: 'typescript',
58 silly mapToRegistry   rawSpec: '',
58 silly mapToRegistry   spec: 'latest',
58 silly mapToRegistry   type: 'tag' }
59 silly mapToRegistry uri https://registry.npmjs.org/typescript
60 verbose addRemoteTarball https://registry.npmjs.org/typescript/-/typescript-2.4.2.tgz not in flight; adding
61 verbose addRemoteTarball [ 'https://registry.npmjs.org/typescript/-/typescript-2.4.2.tgz',
61 verbose addRemoteTarball   'f8395f85d459276067c988aa41837a8f82870844' ]
62 info retry fetch attempt 1 at 9:55:45 AM
63 info attempt registry request try #1 at 9:55:45 AM
64 http fetch GET https://registry.npmjs.org/typescript/-/typescript-2.4.2.tgz
65 http fetch 200 https://registry.npmjs.org/typescript/-/typescript-2.4.2.tgz
66 silly fetchAndShaCheck shasum f8395f85d459276067c988aa41837a8f82870844
67 verbose addTmpTarball C:\Users\Charles\AppData\Local\Temp\npm-8960-f382f15e\registry.npmjs.org\typescript\-\typescript-2.4.2.tgz not in flight; adding
68 verbose addTmpTarball already have metadata; skipping unpack for typescript@2.4.2
69 verbose correctMkdir C:\Users\Charles\AppData\Roaming\npm-cache correctMkdir not in flight; initializing
70 silly cache afterAdd typescript@2.4.2
71 verbose afterAdd C:\Users\Charles\AppData\Roaming\npm-cache\typescript\2.4.2\package\package.json not in flight; writing
72 verbose correctMkdir C:\Users\Charles\AppData\Roaming\npm-cache correctMkdir not in flight; initializing
73 verbose afterAdd C:\Users\Charles\AppData\Roaming\npm-cache\typescript\2.4.2\package\package.json written
74 silly loadAllDepsIntoIdealTree Finishing
75 silly loadIdealTree Finishing
76 silly currentTree npm
76 silly currentTree `-- typescript@2.2.2
77 silly idealTree npm
77 silly idealTree `-- typescript@2.4.2
78 silly generateActionsToTake Starting
79 silly install generateActionsToTake
80 silly generateActionsToTake Finishing
81 silly diffTrees action count 1
82 silly diffTrees update typescript@2.4.2
83 silly decomposeActions action count 8
84 silly decomposeActions fetch typescript@2.4.2
85 silly decomposeActions extract typescript@2.4.2
86 silly decomposeActions test typescript@2.4.2
87 silly decomposeActions preinstall typescript@2.4.2
88 silly decomposeActions build typescript@2.4.2
89 silly decomposeActions install typescript@2.4.2
90 silly decomposeActions postinstall typescript@2.4.2
91 silly decomposeActions finalize typescript@2.4.2
92 silly executeActions Starting
93 silly install executeActions
94 silly doSerial global-install 0
95 silly doParallel fetch 1
96 verbose correctMkdir C:\Users\Charles\AppData\Roaming\npm-cache\_locks correctMkdir not in flight; initializing
97 verbose lock using C:\Users\Charles\AppData\Roaming\npm-cache\_locks\staging-3cd024b6a5c048ed.lock for C:\Users\Charles\AppData\Roaming\npm\node_modules\.staging
98 silly doParallel extract 1
99 silly extract typescript@2.4.2
100 verbose unbuild node_modules\.staging\typescript-bfd9c942
101 silly gentlyRm C:\Users\Charles\AppData\Roaming\npm\node_modules\.staging\typescript-bfd9c942 is being purged from base C:\Users\Charles\AppData\Roaming\npm
102 verbose gentlyRm don't care about contents; nuking C:\Users\Charles\AppData\Roaming\npm\node_modules\.staging\typescript-bfd9c942
103 verbose tar unpack C:\Users\Charles\AppData\Roaming\npm-cache\typescript\2.4.2\package.tgz
104 verbose tar unpacking to C:\Users\Charles\AppData\Roaming\npm\node_modules\.staging\typescript-bfd9c942
105 silly gentlyRm C:\Users\Charles\AppData\Roaming\npm\node_modules\.staging\typescript-bfd9c942 is being purged
106 verbose gentlyRm don't care about contents; nuking C:\Users\Charles\AppData\Roaming\npm\node_modules\.staging\typescript-bfd9c942
107 silly gunzTarPerm modes [ '777', '666' ]
108 silly gunzTarPerm extractEntry package.json
109 silly gunzTarPerm extractEntry .npmignore
110 silly gunzTarPerm extractEntry README.md
111 silly gunzTarPerm extractEntry bin/tsc
112 silly gunzTarPerm extractEntry bin/tsserver
113 silly gunzTarPerm extractEntry AUTHORS.md
114 silly gunzTarPerm extractEntry CONTRIBUTING.md
115 silly gunzTarPerm extractEntry CopyrightNotice.txt
116 silly gunzTarPerm extractEntry LICENSE.txt
117 silly gunzTarPerm extractEntry .mailmap
118 silly gunzTarPerm extractEntry ThirdPartyNoticeText.txt
119 silly gunzTarPerm extractEntry lib/README.md
120 silly gunzTarPerm extractEntry lib/typingsInstaller.js
121 silly gunzTarPerm extractEntry lib/typescriptServices.js
122 silly gunzTarPerm extractEntry lib/typescript.js
123 silly gunzTarPerm extractEntry lib/tsserverlibrary.js
124 silly gunzTarPerm extractEntry lib/tsserver.js
125 silly gunzTarPerm extractEntry lib/tsc.js
126 silly gunzTarPerm extractEntry lib/cancellationToken.js
127 silly gunzTarPerm extractEntry lib/watchGuard.js
128 silly gunzTarPerm extractEntry lib/lib.es6.d.ts
129 silly gunzTarPerm extractEntry lib/lib.es2015.iterable.d.ts
130 silly gunzTarPerm extractEntry lib/lib.es2015.proxy.d.ts
131 silly gunzTarPerm extractEntry lib/lib.es2015.reflect.d.ts
132 silly gunzTarPerm extractEntry lib/lib.es2015.symbol.d.ts
133 silly gunzTarPerm extractEntry lib/lib.es2015.symbol.wellknown.d.ts
134 silly gunzTarPerm extractEntry lib/lib.es2016.array.include.d.ts
135 silly gunzTarPerm extractEntry lib/lib.es2016.d.ts
136 silly gunzTarPerm extractEntry lib/lib.es2016.full.d.ts
137 silly gunzTarPerm extractEntry lib/lib.es2017.d.ts
138 silly gunzTarPerm extractEntry lib/lib.es2017.full.d.ts
139 silly gunzTarPerm extractEntry lib/lib.es2017.intl.d.ts
140 silly gunzTarPerm extractEntry lib/lib.es2015.generator.d.ts
141 silly gunzTarPerm extractEntry lib/lib.es2017.sharedmemory.d.ts
142 silly gunzTarPerm extractEntry lib/lib.es2017.string.d.ts
143 silly gunzTarPerm extractEntry lib/lib.es5.d.ts
144 silly gunzTarPerm extractEntry lib/lib.es2015.promise.d.ts
145 silly gunzTarPerm extractEntry lib/lib.esnext.asynciterable.d.ts
146 silly gunzTarPerm extractEntry lib/lib.esnext.d.ts
147 silly gunzTarPerm extractEntry lib/lib.esnext.full.d.ts
148 silly gunzTarPerm extractEntry lib/lib.scripthost.d.ts
149 silly gunzTarPerm extractEntry lib/lib.webworker.d.ts
150 silly gunzTarPerm extractEntry lib/protocol.d.ts
151 silly gunzTarPerm extractEntry lib/lib.es2015.d.ts
152 silly gunzTarPerm extractEntry lib/lib.es2015.core.d.ts
153 silly gunzTarPerm extractEntry lib/tsserverlibrary.d.ts
154 silly gunzTarPerm extractEntry lib/lib.es2015.collection.d.ts
155 silly gunzTarPerm extractEntry lib/typescript.d.ts
156 silly gunzTarPerm extractEntry lib/lib.dom.iterable.d.ts
157 silly gunzTarPerm extractEntry lib/typescriptServices.d.ts
158 silly gunzTarPerm extractEntry lib/lib.dom.d.ts
159 silly gunzTarPerm extractEntry lib/lib.d.ts
160 silly gunzTarPerm extractEntry lib/lib.es2017.object.d.ts
161 silly gunzTarPerm extractEntry yarn.lock
162 silly gentlyRm C:\Users\Charles\AppData\Roaming\npm\node_modules\.staging\typescript-bfd9c942\node_modules is being purged
163 verbose gentlyRm don't care about contents; nuking C:\Users\Charles\AppData\Roaming\npm\node_modules\.staging\typescript-bfd9c942\node_modules
164 silly doParallel preinstall 1
165 silly preinstall typescript@2.4.2 C:\Users\Charles\AppData\Roaming\npm\node_modules\.staging\typescript-bfd9c942
166 info lifecycle typescript@2.4.2~preinstall: typescript@2.4.2
167 silly lifecycle typescript@2.4.2~preinstall: no script for preinstall, continuing
168 silly doReverseSerial remove 0
169 silly doSerial move 0
170 silly doSerial finalize 1
171 silly finalize C:\Users\Charles\AppData\Roaming\npm\node_modules\typescript
172 verbose unlock done using C:\Users\Charles\AppData\Roaming\npm-cache\_locks\staging-3cd024b6a5c048ed.lock for C:\Users\Charles\AppData\Roaming\npm\node_modules\.staging
173 silly rollbackFailedOptional Starting
174 silly rollbackFailedOptional Finishing
175 silly runTopLevelLifecycles Starting
176 silly runTopLevelLifecycles Finishing
177 silly install printInstalled
178 verbose stack Error: EPERM: operation not permitted, rename 'C:\Users\Charles\AppData\Roaming\npm\node_modules\.staging\typescript-bfd9c942' -> 'C:\Users\Charles\AppData\Roaming\npm\node_modules\typescript'
178 verbose stack     at whenOldMovedAway (C:\Program Files\nodejs\node_modules\npm\lib\install\action\finalize.js:43:5)
178 verbose stack     at C:\Program Files\nodejs\node_modules\npm\lib\utils\rename.js:13:14
178 verbose stack     at CB (C:\Program Files\nodejs\node_modules\npm\node_modules\graceful-fs\polyfills.js:85:17)
178 verbose stack     at FSReqWrap.oncomplete (fs.js:123:15)
178 verbose stack
178 verbose stack Error: EPERM: operation not permitted, rename 'C:\Users\Charles\AppData\Roaming\npm\node_modules\.staging\typescript-bfd9c942' -> 'C:\Users\Charles\AppData\Roaming\npm\node_modules\typescript'
178 verbose stack     at Error (native)
179 verbose cwd C:\Users\Charles\Documents\Code Projects\Python\Caves of Mystery
180 error Windows_NT 10.0.14393
181 error argv "C:\\Program Files\\nodejs\\node.exe" "C:\\Program Files\\nodejs\\node_modules\\npm\\bin\\npm-cli.js" "install" "-g" "typescript"
182 error node v6.3.0
183 error npm  v3.10.3
184 error path C:\Users\Charles\AppData\Roaming\npm\node_modules\.staging\typescript-bfd9c942
185 error code EPERM
186 error errno -4048
187 error syscall rename
188 error Error: EPERM: operation not permitted, rename 'C:\Users\Charles\AppData\Roaming\npm\node_modules\.staging\typescript-bfd9c942' -> 'C:\Users\Charles\AppData\Roaming\npm\node_modules\typescript'
188 error     at whenOldMovedAway (C:\Program Files\nodejs\node_modules\npm\lib\install\action\finalize.js:43:5)
188 error     at C:\Program Files\nodejs\node_modules\npm\lib\utils\rename.js:13:14
188 error     at CB (C:\Program Files\nodejs\node_modules\npm\node_modules\graceful-fs\polyfills.js:85:17)
188 error     at FSReqWrap.oncomplete (fs.js:123:15)
188 error
188 error Error: EPERM: operation not permitted, rename 'C:\Users\Charles\AppData\Roaming\npm\node_modules\.staging\typescript-bfd9c942' -> 'C:\Users\Charles\AppData\Roaming\npm\node_modules\typescript'
188 error     at Error (native)
188 error  Error: EPERM: operation not permitted, rename 'C:\Users\Charles\AppData\Roaming\npm\node_modules\.staging\typescript-bfd9c942' -> 'C:\Users\Charles\AppData\Roaming\npm\node_modules\typescript'
188 error     at whenOldMovedAway (C:\Program Files\nodejs\node_modules\npm\lib\install\action\finalize.js:43:5)
188 error     at C:\Program Files\nodejs\node_modules\npm\lib\utils\rename.js:13:14
188 error     at CB (C:\Program Files\nodejs\node_modules\npm\node_modules\graceful-fs\polyfills.js:85:17)
188 error     at FSReqWrap.oncomplete (fs.js:123:15)
188 error
188 error Error: EPERM: operation not permitted, rename 'C:\Users\Charles\AppData\Roaming\npm\node_modules\.staging\typescript-bfd9c942' -> 'C:\Users\Charles\AppData\Roaming\npm\node_modules\typescript'
188 error     at Error (native)
189 error Please try running this command again as root/Administrator.
190 verbose exit [ -4048, true ]
